npm verb cli C:\Program Files\nodejs\node.exe C:\Program Files\nodejs\node_modules\npm\bin\npm-cli.js
npm info using npm@10.5.0
npm info using node@v20.12.1
npm verb title npm install
npm verb argv "install" "--legacy-peer-deps" "--loglevel" "verbose"
npm verb logfile logs-max:10 dir:C:\Users\M\AppData\Local\npm-cache\_logs\2024-08-12T03_02_56_679Z-
npm verb logfile C:\Users\M\AppData\Local\npm-cache\_logs\2024-08-12T03_02_56_679Z-debug-0.log
npm http fetch GET 200 https://registry.npmjs.org/@faker-js%2ffaker 16ms (cache hit)
npm http fetch GET 200 https://registry.npmjs.org/cypress-mochawesome-reporter 7ms (cache hit)
npm http fetch GET 200 https://registry.npmjs.org/browserstack-cypress-cli 6ms (cache hit)
npm http fetch GET 200 https://registry.npmjs.org/cypress 9ms (cache hit)
npm http fetch GET 200 https://registry.npmjs.org/table 23ms (cache hit)
npm http fetch GET 200 https://registry.npmjs.org/async 31ms (cache hit)
npm http fetch GET 200 https://registry.npmjs.org/uuid 36ms (cache hit)
npm http fetch GET 200 https://registry.npmjs.org/glob 43ms (cache hit)
npm http fetch GET 200 https://registry.npmjs.org/yargs 46ms (cache hit)
npm http fetch GET 200 https://registry.npmjs.org/chalk 56ms (cache hit)
npm http fetch GET 200 https://registry.npmjs.org/mocha 63ms (cache hit)
npm http fetch GET 200 https://registry.npmjs.org/request 96ms (cache hit)
npm http fetch GET 200 https://registry.npmjs.org/getmac 105ms (cache hit)
npm http fetch GET 200 https://registry.npmjs.org/winston 118ms (cache hit)
npm http fetch GET 200 https://registry.npmjs.org/mkdirp 123ms (cache hit)
npm http fetch GET 200 https://registry.npmjs.org/archiver 129ms (cache hit)
npm http fetch GET 200 https://registry.npmjs.org/fs-extra 128ms (cache hit)
npm http fetch GET 200 https://registry.npmjs.org/decompress 120ms (cache hit)
npm http fetch GET 200 https://registry.npmjs.org/node-ipc 129ms (cache hit)
npm http fetch GET 200 https://registry.npmjs.org/git-repo-info 74ms (cache hit)
npm http fetch GET 200 https://registry.npmjs.org/cli-progress 117ms (cache hit)
npm http fetch GET 200 https://registry.npmjs.org/requestretry 117ms (cache hit)
npm http fetch GET 200 https://registry.npmjs.org/gitconfiglocal 75ms (cache hit)
npm http fetch GET 200 https://registry.npmjs.org/update-notifier 57ms (cache hit)
npm http fetch GET 200 https://registry.npmjs.org/windows-release 56ms (cache hit)
npm http fetch GET 200 https://registry.npmjs.org/git-last-commit 66ms (cache hit)
npm http fetch GET 200 https://registry.npmjs.org/tmp 37ms (cache hit)
npm http fetch GET 200 https://registry.npmjs.org/browserstack-local 47ms (cache hit)
npm http fetch GET 200 https://registry.npmjs.org/arch 41ms (cache hit)
npm http fetch GET 200 https://registry.npmjs.org/dayjs 45ms (cache hit)
npm http fetch GET 200 https://registry.npmjs.org/debug 48ms (cache hit)
npm http fetch GET 200 https://registry.npmjs.org/execa 50ms (cache hit)
npm http fetch GET 200 https://registry.npmjs.org/getos 52ms (cache hit)
npm http fetch GET 200 https://registry.npmjs.org/is-ci 51ms (cache hit)
npm http fetch GET 200 https://registry.npmjs.org/buffer 48ms (cache hit)
npm http fetch GET 200 https://registry.npmjs.org/yauzl 56ms (cache hit)
npm http fetch GET 200 https://registry.npmjs.org/listr2 57ms (cache hit)
npm http fetch GET 200 https://registry.npmjs.org/semver 65ms (cache hit)
npm http fetch GET 200 https://registry.npmjs.org/ospath 73ms (cache hit)
npm http fetch GET 200 https://registry.npmjs.org/figures 62ms (cache hit)
npm http fetch GET 200 https://registry.npmjs.org/process 60ms (cache hit)
npm http fetch GET 200 https://registry.npmjs.org/lodash 82ms (cache hit)
npm http fetch GET 200 https://registry.npmjs.org/bluebird 62ms (cache hit)
npm http fetch GET 200 https://registry.npmjs.org/cachedir 64ms (cache hit)
npm http fetch GET 200 https://registry.npmjs.org/minimist 60ms (cache hit)
npm http fetch GET 200 https://registry.npmjs.org/lazy-ass 65ms (cache hit)
npm http fetch GET 200 https://registry.npmjs.org/enquirer 73ms (cache hit)
npm http fetch GET 200 https://registry.npmjs.org/blob-util 53ms (cache hit)
npm http fetch GET 200 https://registry.npmjs.org/untildify 45ms (cache hit)
npm http fetch GET 200 https://registry.npmjs.org/commander 53ms (cache hit)
npm http fetch GET 200 https://registry.npmjs.org/cli-cursor 59ms (cache hit)
npm http fetch GET 200 https://registry.npmjs.org/executable 56ms (cache hit)
npm http fetch GET 200 https://registry.npmjs.org/cli-table3 62ms (cache hit)
npm http fetch GET 200 https://registry.npmjs.org/common-tags 54ms (cache hit)
npm http fetch GET 200 https://registry.npmjs.org/pretty-bytes 47ms (cache hit)
npm http fetch GET 200 https://registry.npmjs.org/extract-zip 54ms (cache hit)
npm http fetch GET 200 https://registry.npmjs.org/log-symbols 54ms (cache hit)
npm http fetch GET 200 https://registry.npmjs.org/@cypress%2fxvfb 51ms (cache hit)
npm http fetch GET 200 https://registry.npmjs.org/@types%2fsizzle 52ms (cache hit)
npm http fetch GET 200 https://registry.npmjs.org/proxy-from-env 44ms (cache hit)
npm http fetch GET 200 https://registry.npmjs.org/supports-color 43ms (cache hit)
npm http fetch GET 200 https://registry.npmjs.org/is-installed-globally 34ms (cache hit)
npm http fetch GET 200 https://registry.npmjs.org/@cypress%2frequest 43ms (cache hit)
npm http fetch GET 200 https://registry.npmjs.org/request-progress 38ms (cache hit)
npm http fetch GET 200 https://registry.npmjs.org/eventemitter2 64ms (cache hit)
npm http fetch GET 200 https://registry.npmjs.org/check-more-types 44ms (cache hit)
npm http fetch GET 200 https://registry.npmjs.org/mochawesome 37ms (cache hit)
npm http fetch GET 200 https://registry.npmjs.org/@types%2fsinonjs__fake-timers 43ms (cache hit)
npm http fetch GET 200 https://registry.npmjs.org/mochawesome-merge 39ms (cache hit)
npm http fetch GET 200 https://registry.npmjs.org/mochawesome-report-generator 38ms (cache hit)
npm http fetch GET 200 https://registry.npmjs.org/archiver-utils 29ms (cache hit)
npm http fetch GET 200 https://registry.npmjs.org/buffer-crc32 29ms (cache hit)
npm http fetch GET 200 https://registry.npmjs.org/is-running 28ms (cache hit)
npm http fetch GET 200 https://registry.npmjs.org/readdir-glob 31ms (cache hit)
npm http fetch GET 200 https://registry.npmjs.org/readable-stream 33ms (cache hit)
npm http fetch GET 200 https://registry.npmjs.org/https-proxy-agent 38ms (cache hit)
npm http fetch GET 200 https://registry.npmjs.org/tar-stream 41ms (cache hit)
npm http fetch GET 200 https://registry.npmjs.org/ps-tree 42ms (cache hit)
npm http fetch GET 200 https://registry.npmjs.org/zip-stream 45ms (cache hit)
npm http fetch GET 200 https://registry.npmjs.org/temp-fs 46ms (cache hit)
npm http fetch GET 200 https://registry.npmjs.org/agent-base 45ms (cache hit)
npm http fetch GET 200 https://registry.npmjs.org/ansi-styles 47ms (cache hit)
npm http fetch GET 200 https://registry.npmjs.org/decompress-tar 45ms (cache hit)
npm http fetch GET 200 https://registry.npmjs.org/decompress-tarbz2 45ms (cache hit)
npm http fetch GET 200 https://registry.npmjs.org/string-width 49ms (cache hit)
npm http fetch GET 200 https://registry.npmjs.org/decompress-targz 41ms (cache hit)
npm http fetch GET 200 https://registry.npmjs.org/graceful-fs 38ms (cache hit)
npm http fetch GET 200 https://registry.npmjs.org/pify 37ms (cache hit)
npm http fetch GET 200 https://registry.npmjs.org/decompress-unzip 45ms (cache hit)
npm http fetch GET 200 https://registry.npmjs.org/make-dir 43ms (cache hit)
npm http fetch GET 200 https://registry.npmjs.org/strip-dirs 41ms (cache hit)
npm http fetch GET 200 https://registry.npmjs.org/graceful-fs 42ms (cache hit)
npm http fetch GET 200 https://registry.npmjs.org/jsonfile 38ms (cache hit)
npm http fetch GET 200 https://registry.npmjs.org/universalify 39ms (cache hit)
npm http fetch GET 200 https://registry.npmjs.org/ini 37ms (cache hit)
npm http fetch GET 200 https://registry.npmjs.org/@types%2fnode 54ms (cache hit)
npm http fetch GET 200 https://registry.npmjs.org/inflight 138ms (cache hit)
npm http fetch GET 200 https://registry.npmjs.org/once 143ms (cache hit)
npm http fetch GET 200 https://registry.npmjs.org/inherits 144ms (cache hit)
npm http fetch GET 200 https://registry.npmjs.org/fs.realpath 143ms (cache hit)
npm http fetch GET 200 https://registry.npmjs.org/path-is-absolute 145ms (cache hit)
npm http fetch GET 200 https://registry.npmjs.org/minimatch 153ms (cache hit)
npm http fetch GET 200 https://registry.npmjs.org/ansi-colors 160ms (cache hit)
npm http fetch GET 200 https://registry.npmjs.org/chokidar 156ms (cache hit)
npm http fetch GET 200 https://registry.npmjs.org/browser-stdout 163ms (cache hit)
npm http fetch GET 200 https://registry.npmjs.org/diff 164ms (cache hit)
npm http fetch GET 200 https://registry.npmjs.org/find-up 63ms (cache hit)
npm http fetch GET 200 https://registry.npmjs.org/escape-string-regexp 67ms (cache hit)
npm http fetch GET 200 https://registry.npmjs.org/he 60ms (cache hit)
npm http fetch GET 200 https://registry.npmjs.org/js-yaml 58ms (cache hit)
npm http fetch GET 200 https://registry.npmjs.org/minimatch 58ms (cache hit)
npm http fetch GET 200 https://registry.npmjs.org/ms 60ms (cache hit)
npm http fetch GET 200 https://registry.npmjs.org/serialize-javascript 53ms (cache hit)
npm http fetch GET 200 https://registry.npmjs.org/strip-json-comments 46ms (cache hit)
npm http fetch GET 200 https://registry.npmjs.org/workerpool 50ms (cache hit)
npm http fetch GET 200 https://registry.npmjs.org/yargs-unparser 46ms (cache hit)
npm http fetch GET 200 https://registry.npmjs.org/yargs-parser 53ms (cache hit)
npm http fetch GET 200 https://registry.npmjs.org/event-pubsub 52ms (cache hit)
npm http fetch GET 200 https://registry.npmjs.org/js-message 52ms (cache hit)
npm http fetch GET 200 https://registry.npmjs.org/js-queue 52ms (cache hit)
npm http fetch GET 200 https://registry.npmjs.org/aws4 50ms (cache hit)
npm http fetch GET 200 https://registry.npmjs.org/aws-sign2 57ms (cache hit)
npm http fetch GET 200 https://registry.npmjs.org/caseless 51ms (cache hit)
npm http fetch GET 200 https://registry.npmjs.org/combined-stream 51ms (cache hit)
npm http fetch GET 200 https://registry.npmjs.org/extend 50ms (cache hit)
npm http fetch GET 200 https://registry.npmjs.org/form-data 40ms (cache hit)
npm http fetch GET 200 https://registry.npmjs.org/forever-agent 46ms (cache hit)
npm http fetch GET 200 https://registry.npmjs.org/har-validator 40ms (cache hit)
npm http fetch GET 200 https://registry.npmjs.org/is-typedarray 40ms (cache hit)
npm http fetch GET 200 https://registry.npmjs.org/http-signature 44ms (cache hit)
npm http fetch GET 200 https://registry.npmjs.org/isstream 43ms (cache hit)
npm http fetch GET 200 https://registry.npmjs.org/mime-types 37ms (cache hit)
npm http fetch GET 200 https://registry.npmjs.org/json-stringify-safe 43ms (cache hit)
npm http fetch GET 200 https://registry.npmjs.org/oauth-sign 42ms (cache hit)
npm http fetch GET 200 https://registry.npmjs.org/performance-now 43ms (cache hit)
npm http fetch GET 200 https://registry.npmjs.org/qs 43ms (cache hit)
npm http fetch GET 200 https://registry.npmjs.org/tunnel-agent 40ms (cache hit)
npm http fetch GET 200 https://registry.npmjs.org/tough-cookie 46ms (cache hit)
npm http fetch GET 200 https://registry.npmjs.org/safe-buffer 50ms (cache hit)
npm http fetch GET 200 https://registry.npmjs.org/slice-ansi 42ms (cache hit)
npm http fetch GET 200 https://registry.npmjs.org/ajv 52ms (cache hit)
npm http fetch GET 200 https://registry.npmjs.org/pupa 59ms (cache hit)
npm http fetch GET 200 https://registry.npmjs.org/boxen 56ms (cache hit)
npm http fetch GET 200 https://registry.npmjs.org/is-npm 57ms (cache hit)
npm http fetch GET 200 https://registry.npmjs.org/is-in-ci 56ms (cache hit)
npm http fetch GET 200 https://registry.npmjs.org/configstore 55ms (cache hit)
npm http fetch GET 200 https://registry.npmjs.org/import-lazy 52ms (cache hit)
npm http fetch GET 200 https://registry.npmjs.org/semver-diff 60ms (cache hit)
npm http fetch GET 200 https://registry.npmjs.org/eyes 49ms (cache hit)
npm http fetch GET 200 https://registry.npmjs.org/latest-version 58ms (cache hit)
npm http fetch GET 200 https://registry.npmjs.org/xdg-basedir 61ms (cache hit)
npm http fetch GET 200 https://registry.npmjs.org/stack-trace 38ms (cache hit)
npm http fetch GET 200 https://registry.npmjs.org/cycle 43ms (cache hit)
npm http fetch GET 200 https://registry.npmjs.org/colors 41ms (cache hit)
npm http fetch GET 200 https://registry.npmjs.org/cliui 38ms (cache hit)
npm http fetch GET 200 https://registry.npmjs.org/y18n 40ms (cache hit)
npm http fetch GET 200 https://registry.npmjs.org/decamelize 38ms (cache hit)
npm http fetch GET 200 https://registry.npmjs.org/set-blocking 38ms (cache hit)
npm http fetch GET 200 https://registry.npmjs.org/get-caller-file 20ms (cache hit)
npm http fetch GET 200 https://registry.npmjs.org/require-directory 19ms (cache hit)
npm http fetch GET 200 https://registry.npmjs.org/which-module 23ms (cache hit)
npm http fetch GET 200 https://registry.npmjs.org/require-main-filename 18ms (cache hit)
npm http fetch GET 200 https://registry.npmjs.org/lodash.union 26ms (cache hit)
npm http fetch GET 200 https://registry.npmjs.org/lodash.defaults 29ms (cache hit)
npm http fetch GET 200 https://registry.npmjs.org/lazystream 31ms (cache hit)
npm http fetch GET 200 https://registry.npmjs.org/lodash.flatten 31ms (cache hit)
npm http fetch GET 200 https://registry.npmjs.org/lodash.difference 32ms (cache hit)
npm http fetch GET 200 https://registry.npmjs.org/normalize-path 29ms (cache hit)
npm http fetch GET 200 https://registry.npmjs.org/lodash.isplainobject 33ms (cache hit)
npm http fetch GET 200 https://registry.npmjs.org/string_decoder 29ms (cache hit)
npm http fetch GET 200 https://registry.npmjs.org/bl 27ms (cache hit)
npm http fetch GET 200 https://registry.npmjs.org/util-deprecate 32ms (cache hit)
npm http fetch GET 200 https://registry.npmjs.org/end-of-stream 31ms (cache hit)
npm http fetch GET 200 https://registry.npmjs.org/fs-constants 17ms (cache hit)
npm http fetch GET 200 https://registry.npmjs.org/compress-commons 16ms (cache hit)
npm http fetch GET 200 https://registry.npmjs.org/core-util-is 13ms (cache hit)
npm http fetch GET 200 https://registry.npmjs.org/isarray 12ms (cache hit)
npm http fetch GET 200 https://registry.npmjs.org/process-nextick-args 12ms (cache hit)
npm http fetch GET 200 https://registry.npmjs.org/event-stream 7ms (cache hit)
npm http fetch GET 200 https://registry.npmjs.org/rimraf 9ms (cache hit)
npm http fetch GET 200 https://registry.npmjs.org/color-convert 10ms (cache hit)
npm http fetch GET 200 https://registry.npmjs.org/has-flag 11ms (cache hit)
npm http fetch GET 200 https://registry.npmjs.org/color-name 4ms (cache hit)
npm http fetch GET 200 https://registry.npmjs.org/emoji-regex 8ms (cache hit)
npm http fetch GET 200 https://registry.npmjs.org/strip-ansi 11ms (cache hit)
npm http fetch GET 200 https://registry.npmjs.org/is-fullwidth-code-point 10ms (cache hit)
npm http fetch GET 200 https://registry.npmjs.org/@colors%2fcolors 24ms (cache hit)
npm http fetch GET 200 https://registry.npmjs.org/lodash.once 29ms (cache hit)
npm http fetch GET 200 https://registry.npmjs.org/ieee754 32ms (cache hit)
npm http fetch GET 200 https://registry.npmjs.org/base64-js 34ms (cache hit)
npm http fetch GET 200 https://registry.npmjs.org/get-stream 30ms (cache hit)
npm http fetch GET 200 https://registry.npmjs.org/restore-cursor 35ms (cache hit)
npm http fetch GET 200 https://registry.npmjs.org/is-stream 35ms (cache hit)
npm http fetch GET 200 https://registry.npmjs.org/onetime 37ms (cache hit)
npm http fetch GET 200 https://registry.npmjs.org/merge-stream 36ms (cache hit)
npm http fetch GET 200 https://registry.npmjs.org/cross-spawn 38ms (cache hit)
npm http fetch GET 200 https://registry.npmjs.org/signal-exit 40ms (cache hit)
npm http fetch GET 200 https://registry.npmjs.org/npm-run-path 38ms (cache hit)
npm http fetch GET 200 https://registry.npmjs.org/human-signals 40ms (cache hit)
npm http fetch GET 200 https://registry.npmjs.org/get-stream 36ms (cache hit)
npm http fetch GET 200 https://registry.npmjs.org/@types%2fyauzl 35ms (cache hit)
npm http fetch GET 200 https://registry.npmjs.org/strip-final-newline 40ms (cache hit)
npm http fetch GET 200 https://registry.npmjs.org/at-least-node 37ms (cache hit)
npm http fetch GET 200 https://registry.npmjs.org/global-dirs 34ms (cache hit)
npm http fetch GET 200 https://registry.npmjs.org/ci-info 38ms (cache hit)
npm http fetch GET 200 https://registry.npmjs.org/is-path-inside 37ms (cache hit)
npm http fetch GET 200 https://registry.npmjs.org/rfdc 36ms (cache hit)
npm http fetch GET 200 https://registry.npmjs.org/rxjs 37ms (cache hit)
npm http fetch GET 200 https://registry.npmjs.org/through 38ms (cache hit)
npm http fetch GET 200 https://registry.npmjs.org/p-map 43ms (cache hit)
npm http fetch GET 200 https://registry.npmjs.org/colorette 41ms (cache hit)
npm http fetch GET 200 https://registry.npmjs.org/wrap-ansi 41ms (cache hit)
npm http fetch GET 200 https://registry.npmjs.org/log-update 41ms (cache hit)
npm http fetch GET 200 https://registry.npmjs.org/cli-truncate 40ms (cache hit)
npm http fetch GET 200 https://registry.npmjs.org/throttleit 37ms (cache hit)
npm http fetch GET 200 https://registry.npmjs.org/is-unicode-supported 39ms (cache hit)
npm http fetch GET 200 https://registry.npmjs.org/fd-slicer 37ms (cache hit)
npm http fetch GET 200 https://registry.npmjs.org/asynckit 27ms (cache hit)
npm http fetch GET 200 https://registry.npmjs.org/delayed-stream 28ms (cache hit)
npm http fetch GET 200 https://registry.npmjs.org/mime-db 26ms (cache hit)
npm http fetch GET 200 https://registry.npmjs.org/sshpk 29ms (cache hit)
npm http fetch GET 200 https://registry.npmjs.org/psl 28ms (cache hit)
npm http fetch GET 200 https://registry.npmjs.org/url-parse 29ms (cache hit)
npm http fetch GET 200 https://registry.npmjs.org/jsprim 34ms (cache hit)
npm http fetch GET 200 https://registry.npmjs.org/punycode 32ms (cache hit)
npm http fetch GET 200 https://registry.npmjs.org/assert-plus 36ms (cache hit)
npm http fetch GET 200 https://registry.npmjs.org/side-channel 35ms (cache hit)
npm http fetch GET 200 https://registry.npmjs.org/lodash.isobject 44ms (cache hit)
npm http fetch GET 200 https://registry.npmjs.org/opener 37ms (cache hit)
npm http fetch GET 200 https://registry.npmjs.org/lodash.isfunction 48ms (cache hit)
npm http fetch GET 200 https://registry.npmjs.org/lodash.isempty 49ms (cache hit)
npm http fetch GET 200 https://registry.npmjs.org/prop-types 39ms (cache hit)
npm http fetch GET 200 https://registry.npmjs.org/dateformat 47ms (cache hit)
npm http fetch GET 200 https://registry.npmjs.org/lodash.isstring 52ms (cache hit)
npm http fetch GET 200 https://registry.npmjs.org/tcomb 42ms (cache hit)
npm http fetch GET 200 https://registry.npmjs.org/fsu 48ms (cache hit)
npm http fetch GET 200 https://registry.npmjs.org/escape-html 50ms (cache hit)
npm http fetch GET 200 https://registry.npmjs.org/tcomb-validation 21ms (cache hit)
npm http fetch GET 200 https://registry.npmjs.org/validator 20ms (cache hit)
npm http fetch GET 200 https://registry.npmjs.org/seek-bzip 43ms (cache hit)
npm http fetch GET 200 https://registry.npmjs.org/unbzip2-stream 43ms (cache hit)
npm http fetch GET 200 https://registry.npmjs.org/file-type 47ms (cache hit)
npm http fetch GET 200 https://registry.npmjs.org/file-type 54ms (cache hit)
npm http fetch GET 200 https://registry.npmjs.org/is-natural-number 56ms (cache hit)
npm http fetch GET 200 https://registry.npmjs.org/file-type 60ms (cache hit)
npm http fetch GET 200 https://registry.npmjs.org/buffer-alloc 10ms (cache hit)
npm http fetch GET 200 https://registry.npmjs.org/xtend 10ms (cache hit)
npm http fetch GET 200 https://registry.npmjs.org/to-buffer 11ms (cache hit)
npm http fetch GET 200 https://registry.npmjs.org/object-assign 7ms (cache hit)
npm http fetch GET 200 https://registry.npmjs.org/pinkie-promise 7ms (cache hit)
npm http fetch GET 200 https://registry.npmjs.org/ansi-regex 8ms (cache hit)
npm http fetch GET 200 https://registry.npmjs.org/path-key 15ms (cache hit)
npm http fetch GET 200 https://registry.npmjs.org/shebang-command 16ms (cache hit)
npm http fetch GET 200 https://registry.npmjs.org/which 16ms (cache hit)
npm http fetch GET 200 https://registry.npmjs.org/pump 17ms (cache hit)
npm http fetch GET 200 https://registry.npmjs.org/mimic-fn 15ms (cache hit)
npm http fetch GET 200 https://registry.npmjs.org/path-key 17ms (cache hit)
npm http fetch GET 200 https://registry.npmjs.org/shebang-regex 8ms (cache hit)
npm http fetch GET 200 https://registry.npmjs.org/isexe 7ms (cache hit)
npm http fetch GET 200 https://registry.npmjs.org/undici-types 9ms (cache hit)
npm http fetch GET 200 https://registry.npmjs.org/pinkie 6ms (cache hit)
npm http fetch GET 200 https://registry.npmjs.org/wrappy 8ms (cache hit)
npm http fetch GET 200 https://registry.npmjs.org/brace-expansion 7ms (cache hit)
npm http fetch GET 200 https://registry.npmjs.org/dashdash 24ms (cache hit)
npm http fetch GET 200 https://registry.npmjs.org/verror 27ms (cache hit)
npm http fetch GET 200 https://registry.npmjs.org/extsprintf 29ms (cache hit)
npm http fetch GET 200 https://registry.npmjs.org/json-schema 29ms (cache hit)
npm http fetch GET 200 https://registry.npmjs.org/bcrypt-pbkdf 25ms (cache hit)
npm http fetch GET 200 https://registry.npmjs.org/asn1 29ms (cache hit)
npm http fetch GET 200 https://registry.npmjs.org/safer-buffer 29ms (cache hit)
npm http fetch GET 200 https://registry.npmjs.org/jsbn 29ms (cache hit)
npm http fetch GET 200 https://registry.npmjs.org/ecc-jsbn 29ms (cache hit)
npm http fetch GET 200 https://registry.npmjs.org/tweetnacl 29ms (cache hit)
npm http fetch GET 200 https://registry.npmjs.org/getpass 32ms (cache hit)
npm http fetch GET 200 https://registry.npmjs.org/aggregate-error 13ms (cache hit)
npm http fetch GET 200 https://registry.npmjs.org/tslib 12ms (cache hit)
npm http fetch GET 200 https://registry.npmjs.org/ansi-escapes 15ms (cache hit)
npm http fetch GET 200 https://registry.npmjs.org/astral-regex 5ms (cache hit)
npm http fetch GET 200 https://registry.npmjs.org/type-fest 5ms (cache hit)
npm http fetch GET 200 https://registry.npmjs.org/concat-map 5ms (cache hit)
npm http fetch GET 200 https://registry.npmjs.org/balanced-match 7ms (cache hit)
npm http fetch GET 200 https://registry.npmjs.org/anymatch 27ms (cache hit)
npm http fetch GET 200 https://registry.npmjs.org/locate-path 23ms (cache hit)
npm http fetch GET 200 https://registry.npmjs.org/path-exists 25ms (cache hit)
npm http fetch GET 200 https://registry.npmjs.org/braces 34ms (cache hit)
npm http fetch GET 200 https://registry.npmjs.org/readdirp 31ms (cache hit)
npm http fetch GET 200 https://registry.npmjs.org/is-binary-path 34ms (cache hit)
npm http fetch GET 200 https://registry.npmjs.org/glob-parent 38ms (cache hit)
npm http fetch GET 200 https://registry.npmjs.org/is-glob 38ms (cache hit)
npm http fetch GET 200 https://registry.npmjs.org/fsevents 38ms (cache hit)
npm http fetch GET 200 https://registry.npmjs.org/argparse 38ms (cache hit)
npm http fetch GET 200 https://registry.npmjs.org/randombytes 37ms (cache hit)
npm http fetch GET 200 https://registry.npmjs.org/escalade 28ms (cache hit)
npm http fetch GET 200 https://registry.npmjs.org/camelcase 27ms (cache hit)
npm http fetch GET 200 https://registry.npmjs.org/is-plain-obj 23ms (cache hit)
npm http fetch GET 200 https://registry.npmjs.org/flat 27ms (cache hit)
npm http fetch GET 200 https://registry.npmjs.org/picomatch 17ms (cache hit)
npm http fetch GET 200 https://registry.npmjs.org/binary-extensions 17ms (cache hit)
npm http fetch GET 200 https://registry.npmjs.org/fill-range 19ms (cache hit)
npm http fetch GET 200 https://registry.npmjs.org/is-extglob 19ms (cache hit)
npm http fetch GET 200 https://registry.npmjs.org/picomatch 19ms (cache hit)
npm http fetch GET 200 https://registry.npmjs.org/to-regex-range 4ms (cache hit)
npm http fetch GET 200 https://registry.npmjs.org/is-number 5ms (cache hit)
npm http fetch GET 200 https://registry.npmjs.org/p-locate 5ms (cache hit)
npm http fetch GET 200 https://registry.npmjs.org/p-limit 5ms (cache hit)
npm http fetch GET 200 https://registry.npmjs.org/loose-envify 12ms (cache hit)
npm http fetch GET 200 https://registry.npmjs.org/react-is 18ms (cache hit)
npm http fetch GET 200 https://registry.npmjs.org/easy-stack 7ms (cache hit)
npm http fetch GET 200 https://registry.npmjs.org/yocto-queue 5ms (cache hit)
npm http fetch GET 200 https://registry.npmjs.org/indent-string 6ms (cache hit)
npm http fetch GET 200 https://registry.npmjs.org/clean-stack 7ms (cache hit)
npm http fetch GET 200 https://registry.npmjs.org/js-tokens 4ms (cache hit)
npm http fetch GET 200 https://registry.npmjs.org/split 17ms (cache hit)
npm http fetch GET 200 https://registry.npmjs.org/duplexer 21ms (cache hit)
npm http fetch GET 200 https://registry.npmjs.org/stream-combiner 20ms (cache hit)
npm http fetch GET 200 https://registry.npmjs.org/from 23ms (cache hit)
npm http fetch GET 200 https://registry.npmjs.org/pause-stream 22ms (cache hit)
npm http fetch GET 200 https://registry.npmjs.org/map-stream 23ms (cache hit)
npm http fetch GET 200 https://registry.npmjs.org/call-bind 11ms (cache hit)
npm http fetch GET 200 https://registry.npmjs.org/es-errors 12ms (cache hit)
npm http fetch GET 200 https://registry.npmjs.org/get-intrinsic 12ms (cache hit)
npm http fetch GET 200 https://registry.npmjs.org/object-inspect 13ms (cache hit)
npm http fetch GET 200 https://registry.npmjs.org/har-schema 8ms (cache hit)
npm http fetch GET 200 https://registry.npmjs.org/uri-js 12ms (cache hit)
npm http fetch GET 200 https://registry.npmjs.org/fast-deep-equal 11ms (cache hit)
npm http fetch GET 200 https://registry.npmjs.org/json-schema-traverse 11ms (cache hit)
npm http fetch GET 200 https://registry.npmjs.org/fast-json-stable-stringify 12ms (cache hit)
npm http fetch GET 200 https://registry.npmjs.org/has-proto 16ms (cache hit)
npm http fetch GET 200 https://registry.npmjs.org/function-bind 18ms (cache hit)
npm http fetch GET 200 https://registry.npmjs.org/set-function-length 19ms (cache hit)
npm http fetch GET 200 https://registry.npmjs.org/es-define-property 21ms (cache hit)
npm http fetch GET 200 https://registry.npmjs.org/has-symbols 19ms (cache hit)
npm http fetch GET 200 https://registry.npmjs.org/hasown 19ms (cache hit)
npm http fetch GET 200 https://registry.npmjs.org/has-property-descriptors 7ms (cache hit)
npm http fetch GET 200 https://registry.npmjs.org/gopd 8ms (cache hit)
npm http fetch GET 200 https://registry.npmjs.org/define-data-property 9ms (cache hit)
npm http fetch GET 200 https://registry.npmjs.org/querystringify 6ms (cache hit)
npm http fetch GET 200 https://registry.npmjs.org/requires-port 6ms (cache hit)
npm http fetch GET 200 https://registry.npmjs.org/ansi-align 21ms (cache hit)
npm http fetch GET 200 https://registry.npmjs.org/widest-line 21ms (cache hit)
npm http fetch GET 200 https://registry.npmjs.org/cli-boxes 23ms (cache hit)
npm http fetch GET 200 https://registry.npmjs.org/dot-prop 21ms (cache hit)
npm http fetch GET 200 https://registry.npmjs.org/unique-string 23ms (cache hit)
npm http fetch GET 200 https://registry.npmjs.org/escape-goat 21ms (cache hit)
npm http fetch GET 200 https://registry.npmjs.org/package-json 23ms (cache hit)
npm http fetch GET 200 https://registry.npmjs.org/write-file-atomic 25ms (cache hit)
npm http fetch GET 200 https://registry.npmjs.org/eastasianwidth 6ms (cache hit)
npm http fetch GET 200 https://registry.npmjs.org/imurmurhash 10ms (cache hit)
npm http fetch GET 200 https://registry.npmjs.org/crypto-random-string 12ms (cache hit)
npm http fetch GET 200 https://registry.npmjs.org/is-obj 14ms (cache hit)
npm http fetch GET 200 https://registry.npmjs.org/typedarray-to-buffer 12ms (cache hit)
npm http fetch GET 200 https://registry.npmjs.org/registry-auth-token 11ms (cache hit)
npm http fetch GET 200 https://registry.npmjs.org/got 13ms (cache hit)
npm http fetch GET 200 https://registry.npmjs.org/registry-url 20ms (cache hit)
npm http fetch GET 200 https://registry.npmjs.org/p-cancelable 28ms (cache hit)
npm http fetch GET 200 https://registry.npmjs.org/lowercase-keys 27ms (cache hit)
npm http fetch GET 200 https://registry.npmjs.org/responselike 29ms (cache hit)
npm http fetch GET 200 https://registry.npmjs.org/http2-wrapper 29ms (cache hit)
npm http fetch GET 200 https://registry.npmjs.org/cacheable-request 29ms (cache hit)
npm http fetch GET 200 https://registry.npmjs.org/@sindresorhus%2fis 33ms (cache hit)
npm http fetch GET 200 https://registry.npmjs.org/decompress-response 34ms (cache hit)
npm http fetch GET 200 https://registry.npmjs.org/cacheable-lookup 37ms (cache hit)
npm http fetch GET 200 https://registry.npmjs.org/@pnpm%2fnpm-conf 34ms (cache hit)
npm http fetch GET 200 https://registry.npmjs.org/form-data-encoder 38ms (cache hit)
npm http fetch GET 200 https://registry.npmjs.org/@szmarczak%2fhttp-timer 39ms (cache hit)
npm http fetch GET 200 https://registry.npmjs.org/rc 19ms (cache hit)
npm http fetch GET 200 https://registry.npmjs.org/http-cache-semantics 23ms (cache hit)
npm http fetch GET 200 https://registry.npmjs.org/@types%2fhttp-cache-semantics 26ms (cache hit)
npm http fetch GET 200 https://registry.npmjs.org/keyv 25ms (cache hit)
npm http fetch GET 200 https://registry.npmjs.org/defer-to-connect 29ms (cache hit)
npm http fetch GET 200 https://registry.npmjs.org/quick-lru 26ms (cache hit)
npm http fetch GET 200 https://registry.npmjs.org/mimic-response 28ms (cache hit)
npm http fetch GET 200 https://registry.npmjs.org/resolve-alpn 26ms (cache hit)
npm http fetch GET 200 https://registry.npmjs.org/normalize-url 29ms (cache hit)
npm http fetch GET 200 https://registry.npmjs.org/mimic-response 30ms (cache hit)
npm http fetch GET 200 https://registry.npmjs.org/json-buffer 6ms (cache hit)
npm http fetch GET 200 https://registry.npmjs.org/@pnpm%2fnetwork.ca-file 13ms (cache hit)
npm http fetch GET 200 https://registry.npmjs.org/@pnpm%2fconfig.env-replace 13ms (cache hit)
npm http fetch GET 200 https://registry.npmjs.org/config-chain 13ms (cache hit)
npm http fetch GET 200 https://registry.npmjs.org/proto-list 5ms (cache hit)
npm http fetch GET 200 https://registry.npmjs.org/deep-extend 4ms (cache hit)
npm http fetch GET 200 https://registry.npmjs.org/pend 6ms (cache hit)
npm http fetch GET 200 https://registry.npmjs.org/crc32-stream 4ms (cache hit)
npm http fetch GET 200 https://registry.npmjs.org/crc-32 6ms (cache hit)
npm http fetch GET 200 https://registry.npmjs.org/buffer-alloc-unsafe 10ms (cache hit)
npm http fetch GET 200 https://registry.npmjs.org/buffer-fill 10ms (cache hit)
npm http fetch GET 200 https://registry.npmjs.org/p-try 5ms (cache hit)
npm verb reify failed optional dependency C:\Users\M\automacao_web\automacao_web_pgats\tmpBstackPackages\node_modules\fsevents
npm http fetch POST 200 https://registry.npmjs.org/-/npm/v1/security/advisories/bulk 1447ms
npm WARN deprecated inflight@1.0.6: This module is not supported, and leaks memory. Do not use it. Check out lru-cache if you want a good and tested way to coalesce async requests by a key value, which is much more comprehensive and powerful.
npm WARN deprecated rimraf@2.5.4: Rimraf versions prior to v4 are no longer supported
npm WARN deprecated har-validator@5.1.5: this library is no longer supported
npm WARN deprecated glob@7.2.3: Glob versions prior to v9 are no longer supported
npm WARN deprecated glob@8.1.0: Glob versions prior to v9 are no longer supported
npm WARN deprecated uuid@3.4.0: Please upgrade  to version 7 or higher.  Older versions may use Math.random() in certain circumstances, which is known to be problematic.  See https://v8.dev/blog/math-random for details.
npm WARN deprecated request@2.88.2: request has been deprecated, see https://github.com/request/request/issues/3142
npm info run cypress@13.13.2 postinstall node_modules/cypress node index.js --exec install
npm info run cypress@13.13.2 postinstall { code: 0, signal: null }

added 501 packages, and audited 502 packages in 20s

96 packages are looking for funding
  run `npm fund` for details

3 moderate severity vulnerabilities

To address all issues (including breaking changes), run:
  npm audit fix --force

Run `npm audit` for details.
npm verb exit 0
npm info ok 
